<?xml version="1.0" encoding="UTF-8"?>
<testng-results skipped="0" failed="0" total="1" passed="1">
  <reporter-output>
  </reporter-output>
  <suite name="Default suite" duration-ms="25047" started-at="2019-07-12T15:16:13Z" finished-at="2019-07-12T15:16:38Z">
    <groups>
    </groups>
    <test name="Default test" duration-ms="25047" started-at="2019-07-12T15:16:13Z" finished-at="2019-07-12T15:16:38Z">
      <class name="Test.PendingListTest">
        <test-method status="PASS" signature="setUp()[pri:0, instance:Test.PendingListTest@88ff2c]" name="setUp" is-config="true" duration-ms="12510" started-at="2019-07-12T11:16:13Z" finished-at="2019-07-12T11:16:26Z">
          <reporter-output>
          </reporter-output>
        </test-method> <!-- setUp -->
        <test-method status="PASS" signature="pendingclick()[pri:0, instance:Test.PendingListTest@88ff2c]" name="pendingclick" duration-ms="11608" started-at="2019-07-12T11:16:26Z" finished-at="2019-07-12T11:16:37Z">
          <reporter-output>
          </reporter-output>
        </test-method> <!-- pendingclick -->
        <test-method status="PASS" signature="tearDown()[pri:0, instance:Test.PendingListTest@88ff2c]" name="tearDown" is-config="true" duration-ms="928" started-at="2019-07-12T11:16:37Z" finished-at="2019-07-12T11:16:38Z">
          <reporter-output>
          </reporter-output>
        </test-method> <!-- tearDown -->
      </class> <!-- Test.PendingListTest -->
    </test> <!-- Default test -->
  </suite> <!-- Default suite -->
</testng-results>
