<?xml version="1.0" encoding="UTF-8"?>
<!-- Generated by org.testng.reporters.JUnitXMLReporter -->
<testsuite hostname="USVMABS189" name="Test" tests="5" failures="0" timestamp="6 Aug 2019 15:06:42 GMT" time="60.779" errors="0">
  <testcase name="login" time="1.0" classname="ClassesPackage.Amazon"/>
  <testcase name="search" time="6.337" classname="ClassesPackage.Amazon"/>
  <testcase name="title" time="0.057" classname="ClassesPackage.Amazon"/>
  <testcase name="login" time="9.373" classname="ClassesPackage.Flipkart"/>
  <testcase name="shop" time="1.523" classname="ClassesPackage.Jabong"/>
</testsuite> <!-- Test -->
